Determining if the pthread_create exist failed with the following output:
Change Dir: /home/hamidhamidrezaroodabeh/Desktop/parsian_ws/src/parsian_ssl/parsian_ai-build/CMakeFiles/CMakeTmp

Run Build Command:"/usr/bin/make" "cmTC_c6330/fast"
/usr/bin/make -f CMakeFiles/cmTC_c6330.dir/build.make CMakeFiles/cmTC_c6330.dir/build
make[1]: Entering directory '/home/hamidhamidrezaroodabeh/Desktop/parsian_ws/src/parsian_ssl/parsian_ai-build/CMakeFiles/CMakeTmp'
Building C object CMakeFiles/cmTC_c6330.dir/CheckSymbolExists.c.o
/usr/bin/cc     -o CMakeFiles/cmTC_c6330.dir/CheckSymbolExists.c.o   -c /home/hamidhamidrezaroodabeh/Desktop/parsian_ws/src/parsian_ssl/parsian_ai-build/CMakeFiles/CMakeTmp/CheckSymbolExists.c
Linking C executable cmTC_c6330
/usr/bin/cmake -E cmake_link_script CMakeFiles/cmTC_c6330.dir/link.txt --verbose=1
/usr/bin/cc       CMakeFiles/cmTC_c6330.dir/CheckSymbolExists.c.o  -o cmTC_c6330 -rdynamic 
CMakeFiles/cmTC_c6330.dir/CheckSymbolExists.c.o: In function `main':
CheckSymbolExists.c:(.text+0x16): undefined reference to `pthread_create'
collect2: error: ld returned 1 exit status
CMakeFiles/cmTC_c6330.dir/build.make:97: recipe for target 'cmTC_c6330' failed
make[1]: *** [cmTC_c6330] Error 1
make[1]: Leaving directory '/home/hamidhamidrezaroodabeh/Desktop/parsian_ws/src/parsian_ssl/parsian_ai-build/CMakeFiles/CMakeTmp'
Makefile:126: recipe for target 'cmTC_c6330/fast' failed
make: *** [cmTC_c6330/fast] Error 2

File /home/hamidhamidrezaroodabeh/Desktop/parsian_ws/src/parsian_ssl/parsian_ai-build/CMakeFiles/CMakeTmp/CheckSymbolExists.c:
/* */
#include <pthread.h>

int main(int argc, char** argv)
{
  (void)argv;
#ifndef pthread_create
  return ((int*)(&pthread_create))[argc];
#else
  (void)argc;
  return 0;
#endif
}

Determining if the function pthread_create exists in the pthreads failed with the following output:
Change Dir: /home/hamidhamidrezaroodabeh/Desktop/parsian_ws/src/parsian_ssl/parsian_ai-build/CMakeFiles/CMakeTmp

Run Build Command:"/usr/bin/make" "cmTC_3c57e/fast"
/usr/bin/make -f CMakeFiles/cmTC_3c57e.dir/build.make CMakeFiles/cmTC_3c57e.dir/build
make[1]: Entering directory '/home/hamidhamidrezaroodabeh/Desktop/parsian_ws/src/parsian_ssl/parsian_ai-build/CMakeFiles/CMakeTmp'
Building C object CMakeFiles/cmTC_3c57e.dir/CheckFunctionExists.c.o
/usr/bin/cc    -DCHECK_FUNCTION_EXISTS=pthread_create   -o CMakeFiles/cmTC_3c57e.dir/CheckFunctionExists.c.o   -c /usr/share/cmake-3.5/Modules/CheckFunctionExists.c
Linking C executable cmTC_3c57e
/usr/bin/cmake -E cmake_link_script CMakeFiles/cmTC_3c57e.dir/link.txt --verbose=1
/usr/bin/cc   -DCHECK_FUNCTION_EXISTS=pthread_create    CMakeFiles/cmTC_3c57e.dir/CheckFunctionExists.c.o  -o cmTC_3c57e -rdynamic -lpthreads 
/usr/bin/ld: cannot find -lpthreads
collect2: error: ld returned 1 exit status
CMakeFiles/cmTC_3c57e.dir/build.make:97: recipe for target 'cmTC_3c57e' failed
make[1]: *** [cmTC_3c57e] Error 1
make[1]: Leaving directory '/home/hamidhamidrezaroodabeh/Desktop/parsian_ws/src/parsian_ssl/parsian_ai-build/CMakeFiles/CMakeTmp'
Makefile:126: recipe for target 'cmTC_3c57e/fast' failed
make: *** [cmTC_3c57e/fast] Error 2


Determining if the Q_WS_WIN exist failed with the following output:
Change Dir: /home/hamidhamidrezaroodabeh/Desktop/parsian_ws/src/parsian_ssl/parsian_ai-build/CMakeFiles/CMakeTmp

Run Build Command:"/usr/bin/make" "cmTC_98724/fast"
/usr/bin/make -f CMakeFiles/cmTC_98724.dir/build.make CMakeFiles/cmTC_98724.dir/build
make[1]: Entering directory '/home/hamidhamidrezaroodabeh/Desktop/parsian_ws/src/parsian_ssl/parsian_ai-build/CMakeFiles/CMakeTmp'
Building CXX object CMakeFiles/cmTC_98724.dir/CheckSymbolExists.cxx.o
/usr/bin/c++    -I/usr/include/qt4   -o CMakeFiles/cmTC_98724.dir/CheckSymbolExists.cxx.o -c /home/hamidhamidrezaroodabeh/Desktop/parsian_ws/src/parsian_ssl/parsian_ai-build/CMakeFiles/CMakeTmp/CheckSymbolExists.cxx
/home/hamidhamidrezaroodabeh/Desktop/parsian_ws/src/parsian_ssl/parsian_ai-build/CMakeFiles/CMakeTmp/CheckSymbolExists.cxx: In function ‘int main(int, char**)’:
/home/hamidhamidrezaroodabeh/Desktop/parsian_ws/src/parsian_ssl/parsian_ai-build/CMakeFiles/CMakeTmp/CheckSymbolExists.cxx:8:19: error: ‘Q_WS_WIN’ was not declared in this scope
   return ((int*)(&Q_WS_WIN))[argc];
                   ^
CMakeFiles/cmTC_98724.dir/build.make:65: recipe for target 'CMakeFiles/cmTC_98724.dir/CheckSymbolExists.cxx.o' failed
make[1]: *** [CMakeFiles/cmTC_98724.dir/CheckSymbolExists.cxx.o] Error 1
make[1]: Leaving directory '/home/hamidhamidrezaroodabeh/Desktop/parsian_ws/src/parsian_ssl/parsian_ai-build/CMakeFiles/CMakeTmp'
Makefile:126: recipe for target 'cmTC_98724/fast' failed
make: *** [cmTC_98724/fast] Error 2

File /home/hamidhamidrezaroodabeh/Desktop/parsian_ws/src/parsian_ssl/parsian_ai-build/CMakeFiles/CMakeTmp/CheckSymbolExists.cxx:
/* */
#include <QtCore/qglobal.h>

int main(int argc, char** argv)
{
  (void)argv;
#ifndef Q_WS_WIN
  return ((int*)(&Q_WS_WIN))[argc];
#else
  (void)argc;
  return 0;
#endif
}

Determining if the Q_WS_QWS exist failed with the following output:
Change Dir: /home/hamidhamidrezaroodabeh/Desktop/parsian_ws/src/parsian_ssl/parsian_ai-build/CMakeFiles/CMakeTmp

Run Build Command:"/usr/bin/make" "cmTC_a430b/fast"
/usr/bin/make -f CMakeFiles/cmTC_a430b.dir/build.make CMakeFiles/cmTC_a430b.dir/build
make[1]: Entering directory '/home/hamidhamidrezaroodabeh/Desktop/parsian_ws/src/parsian_ssl/parsian_ai-build/CMakeFiles/CMakeTmp'
Building CXX object CMakeFiles/cmTC_a430b.dir/CheckSymbolExists.cxx.o
/usr/bin/c++    -I/usr/include/qt4   -o CMakeFiles/cmTC_a430b.dir/CheckSymbolExists.cxx.o -c /home/hamidhamidrezaroodabeh/Desktop/parsian_ws/src/parsian_ssl/parsian_ai-build/CMakeFiles/CMakeTmp/CheckSymbolExists.cxx
/home/hamidhamidrezaroodabeh/Desktop/parsian_ws/src/parsian_ssl/parsian_ai-build/CMakeFiles/CMakeTmp/CheckSymbolExists.cxx: In function ‘int main(int, char**)’:
/home/hamidhamidrezaroodabeh/Desktop/parsian_ws/src/parsian_ssl/parsian_ai-build/CMakeFiles/CMakeTmp/CheckSymbolExists.cxx:8:19: error: ‘Q_WS_QWS’ was not declared in this scope
   return ((int*)(&Q_WS_QWS))[argc];
                   ^
CMakeFiles/cmTC_a430b.dir/build.make:65: recipe for target 'CMakeFiles/cmTC_a430b.dir/CheckSymbolExists.cxx.o' failed
make[1]: *** [CMakeFiles/cmTC_a430b.dir/CheckSymbolExists.cxx.o] Error 1
make[1]: Leaving directory '/home/hamidhamidrezaroodabeh/Desktop/parsian_ws/src/parsian_ssl/parsian_ai-build/CMakeFiles/CMakeTmp'
Makefile:126: recipe for target 'cmTC_a430b/fast' failed
make: *** [cmTC_a430b/fast] Error 2

File /home/hamidhamidrezaroodabeh/Desktop/parsian_ws/src/parsian_ssl/parsian_ai-build/CMakeFiles/CMakeTmp/CheckSymbolExists.cxx:
/* */
#include <QtCore/qglobal.h>

int main(int argc, char** argv)
{
  (void)argv;
#ifndef Q_WS_QWS
  return ((int*)(&Q_WS_QWS))[argc];
#else
  (void)argc;
  return 0;
#endif
}

Determining if the Q_WS_MAC exist failed with the following output:
Change Dir: /home/hamidhamidrezaroodabeh/Desktop/parsian_ws/src/parsian_ssl/parsian_ai-build/CMakeFiles/CMakeTmp

Run Build Command:"/usr/bin/make" "cmTC_7f289/fast"
/usr/bin/make -f CMakeFiles/cmTC_7f289.dir/build.make CMakeFiles/cmTC_7f289.dir/build
make[1]: Entering directory '/home/hamidhamidrezaroodabeh/Desktop/parsian_ws/src/parsian_ssl/parsian_ai-build/CMakeFiles/CMakeTmp'
Building CXX object CMakeFiles/cmTC_7f289.dir/CheckSymbolExists.cxx.o
/usr/bin/c++    -I/usr/include/qt4   -o CMakeFiles/cmTC_7f289.dir/CheckSymbolExists.cxx.o -c /home/hamidhamidrezaroodabeh/Desktop/parsian_ws/src/parsian_ssl/parsian_ai-build/CMakeFiles/CMakeTmp/CheckSymbolExists.cxx
/home/hamidhamidrezaroodabeh/Desktop/parsian_ws/src/parsian_ssl/parsian_ai-build/CMakeFiles/CMakeTmp/CheckSymbolExists.cxx: In function ‘int main(int, char**)’:
/home/hamidhamidrezaroodabeh/Desktop/parsian_ws/src/parsian_ssl/parsian_ai-build/CMakeFiles/CMakeTmp/CheckSymbolExists.cxx:8:19: error: ‘Q_WS_MAC’ was not declared in this scope
   return ((int*)(&Q_WS_MAC))[argc];
                   ^
CMakeFiles/cmTC_7f289.dir/build.make:65: recipe for target 'CMakeFiles/cmTC_7f289.dir/CheckSymbolExists.cxx.o' failed
make[1]: *** [CMakeFiles/cmTC_7f289.dir/CheckSymbolExists.cxx.o] Error 1
make[1]: Leaving directory '/home/hamidhamidrezaroodabeh/Desktop/parsian_ws/src/parsian_ssl/parsian_ai-build/CMakeFiles/CMakeTmp'
Makefile:126: recipe for target 'cmTC_7f289/fast' failed
make: *** [cmTC_7f289/fast] Error 2

File /home/hamidhamidrezaroodabeh/Desktop/parsian_ws/src/parsian_ssl/parsian_ai-build/CMakeFiles/CMakeTmp/CheckSymbolExists.cxx:
/* */
#include <QtCore/qglobal.h>

int main(int argc, char** argv)
{
  (void)argv;
#ifndef Q_WS_MAC
  return ((int*)(&Q_WS_MAC))[argc];
#else
  (void)argc;
  return 0;
#endif
}

